<?xml version="1.0" encoding="UTF-8"?>
<testng-results ignored="0" total="1" passed="1" failed="0" skipped="0">
  <reporter-output>
  </reporter-output>
  <suite started-at="2022-04-26T16:52:43 IST" name="Suite" finished-at="2022-04-26T16:53:11 IST" duration-ms="27446">
    <groups>
    </groups>
    <test started-at="2022-04-26T16:52:43 IST" name="Test" finished-at="2022-04-26T16:53:11 IST" duration-ms="27446">
      <class name="login.BaseTest">
        <test-method signature="navigationLogin()[pri:0, instance:login.BaseTest@32b260fa]" started-at="2022-04-26T16:52:43 IST" name="navigationLogin" finished-at="2022-04-26T16:53:11 IST" duration-ms="27407" status="PASS">
          <reporter-output>
          </reporter-output>
        </test-method> <!-- navigationLogin -->
      </class> <!-- login.BaseTest -->
    </test> <!-- Test -->
  </suite> <!-- Suite -->
</testng-results>
